<?xml version="1.0" encoding="UTF-8"?>
<testsuite xmlns:xsi="http://www.w3.org/2001/XMLSchema-instance" xsi:noNamespaceSchemaLocation="https://maven.apache.org/surefire/maven-surefire-plugin/xsd/surefire-test-report-3.0.xsd" version="3.0" name="nl.ing.api.java.contacting.cache.ContactingCacheTest" time="0.066" tests="9" errors="0" skipped="0" failures="0">
  <properties>
    <property name="java.specification.version" value="21"/>
    <property name="sun.jnu.encoding" value="UTF-8"/>
    <property name="java.class.path" value="/Users/ug63jm/dev/api/P01713-contacting-core-libs/contacting-caching-java/target/test-classes:/Users/ug63jm/dev/api/P01713-contacting-core-libs/contacting-caching-java/target/classes:/Users/ug63jm/.m2/repository/org/projectlombok/lombok/1.18.30/lombok-1.18.30.jar:/Users/ug63jm/.m2/repository/org/junit/jupiter/junit-jupiter/6.0.0/junit-jupiter-6.0.0.jar:/Users/ug63jm/.m2/repository/org/junit/jupiter/junit-jupiter-api/5.12.2/junit-jupiter-api-5.12.2.jar:/Users/ug63jm/.m2/repository/org/opentest4j/opentest4j/1.3.0/opentest4j-1.3.0.jar:/Users/ug63jm/.m2/repository/org/junit/platform/junit-platform-commons/1.12.2/junit-platform-commons-1.12.2.jar:/Users/ug63jm/.m2/repository/org/apiguardian/apiguardian-api/1.1.2/apiguardian-api-1.1.2.jar:/Users/ug63jm/.m2/repository/org/junit/jupiter/junit-jupiter-params/5.12.2/junit-jupiter-params-5.12.2.jar:/Users/ug63jm/.m2/repository/org/junit/jupiter/junit-jupiter-engine/5.12.2/junit-jupiter-engine-5.12.2.jar:/Users/ug63jm/.m2/repository/org/junit/platform/junit-platform-engine/1.12.2/junit-platform-engine-1.12.2.jar:/Users/ug63jm/.m2/repository/org/mockito/mockito-core/5.2.0/mockito-core-5.2.0.jar:/Users/ug63jm/.m2/repository/net/bytebuddy/byte-buddy/1.17.7/byte-buddy-1.17.7.jar:/Users/ug63jm/.m2/repository/net/bytebuddy/byte-buddy-agent/1.17.7/byte-buddy-agent-1.17.7.jar:/Users/ug63jm/.m2/repository/org/objenesis/objenesis/3.3/objenesis-3.3.jar:/Users/ug63jm/.m2/repository/com/ing/apisdk/toolkit-connectivity-api_2.13/31.8.1/toolkit-connectivity-api_2.13-31.8.1.jar:/Users/ug63jm/.m2/repository/org/scala-lang/scala-library/2.13.16/scala-library-2.13.16.jar:/Users/ug63jm/.m2/repository/com/ing/apisdk/toolkit-connectivity-transport-core_2.13/31.8.1/toolkit-connectivity-transport-core_2.13-31.8.1.jar:/Users/ug63jm/.m2/repository/com/ing/apisdk/toolkit-core-util_2.13/31.8.1/toolkit-core-util_2.13-31.8.1.jar:/Users/ug63jm/.m2/repository/com/ing/apisdk/toolkit-connectivity-tracing-core_2.13/31.8.1/toolkit-connectivity-tracing-core_2.13-31.8.1.jar:/Users/ug63jm/.m2/repository/io/opentelemetry/opentelemetry-api/1.49.0/opentelemetry-api-1.49.0.jar:/Users/ug63jm/.m2/repository/io/opentelemetry/opentelemetry-context/1.49.0/opentelemetry-context-1.49.0.jar:/Users/ug63jm/.m2/repository/io/opentelemetry/opentelemetry-extension-trace-propagators/1.49.0/opentelemetry-extension-trace-propagators-1.49.0.jar:/Users/ug63jm/.m2/repository/com/ing/apisdk/toolkit-keystores_2.13/31.8.1/toolkit-keystores_2.13-31.8.1.jar:/Users/ug63jm/.m2/repository/jakarta/annotation/jakarta.annotation-api/2.1.1/jakarta.annotation-api-2.1.1.jar:/Users/ug63jm/.m2/repository/com/ing/apisdk/toolkit-resilience-backpressure_2.13/31.8.1/toolkit-resilience-backpressure_2.13-31.8.1.jar:/Users/ug63jm/.m2/repository/com/ing/apisdk/toolkit-metrics-prometheus_2.13/31.8.1/toolkit-metrics-prometheus_2.13-31.8.1.jar:/Users/ug63jm/.m2/repository/com/ing/apisdk/toolkit-metrics-core_2.13/31.8.1/toolkit-metrics-core_2.13-31.8.1.jar:/Users/ug63jm/.m2/repository/com/ing/apisdk/toolkit-tracing-api_2.13/31.8.1/toolkit-tracing-api_2.13-31.8.1.jar:/Users/ug63jm/.m2/repository/io/opentelemetry/opentelemetry-sdk-extension-autoconfigure-spi/1.49.0/opentelemetry-sdk-extension-autoconfigure-spi-1.49.0.jar:/Users/ug63jm/.m2/repository/io/opentelemetry/contrib/opentelemetry-kafka-exporter/1.46.0-alpha/opentelemetry-kafka-exporter-1.46.0-alpha.jar:/Users/ug63jm/.m2/repository/io/opentelemetry/opentelemetry-sdk-common/1.49.0/opentelemetry-sdk-common-1.49.0.jar:/Users/ug63jm/.m2/repository/io/opentelemetry/proto/opentelemetry-proto/1.5.0-alpha/opentelemetry-proto-1.5.0-alpha.jar:/Users/ug63jm/.m2/repository/org/apache/kafka/kafka-clients/3.9.1/kafka-clients-3.9.1.jar:/Users/ug63jm/.m2/repository/org/lz4/lz4-java/1.8.0/lz4-java-1.8.0.jar:/Users/ug63jm/.m2/repository/org/xerial/snappy/snappy-java/1.1.10.5/snappy-java-1.1.10.5.jar:/Users/ug63jm/.m2/repository/io/opentelemetry/opentelemetry-exporter-otlp-common/1.49.0/opentelemetry-exporter-otlp-common-1.49.0.jar:/Users/ug63jm/.m2/repository/io/opentelemetry/opentelemetry-exporter-common/1.49.0/opentelemetry-exporter-common-1.49.0.jar:/Users/ug63jm/.m2/repository/com/google/protobuf/protobuf-java/4.28.3/protobuf-java-4.28.3.jar:/Users/ug63jm/.m2/repository/io/opentelemetry/opentelemetry-exporter-logging/1.49.0/opentelemetry-exporter-logging-1.49.0.jar:/Users/ug63jm/.m2/repository/io/opentelemetry/opentelemetry-sdk/1.49.0/opentelemetry-sdk-1.49.0.jar:/Users/ug63jm/.m2/repository/io/opentelemetry/opentelemetry-sdk-metrics/1.49.0/opentelemetry-sdk-metrics-1.49.0.jar:/Users/ug63jm/.m2/repository/io/opentelemetry/opentelemetry-sdk-logs/1.49.0/opentelemetry-sdk-logs-1.49.0.jar:/Users/ug63jm/.m2/repository/io/opentelemetry/opentelemetry-sdk-trace/1.49.0/opentelemetry-sdk-trace-1.49.0.jar:/Users/ug63jm/.m2/repository/io/opentelemetry/semconv/opentelemetry-semconv/1.32.0/opentelemetry-semconv-1.32.0.jar:/Users/ug63jm/.m2/repository/io/opentelemetry/semconv/opentelemetry-semconv-incubating/1.32.0-alpha/opentelemetry-semconv-incubating-1.32.0-alpha.jar:/Users/ug63jm/.m2/repository/com/ing/apisdk/toolkit-trust-token_2.13/31.8.1/toolkit-trust-token_2.13-31.8.1.jar:/Users/ug63jm/.m2/repository/com/ing/apisdk/toolkit-esperanto-core_2.13/31.8.1/toolkit-esperanto-core_2.13-31.8.1.jar:/Users/ug63jm/.m2/repository/com/ing/apisdk/toolkit-json-jackson_2.13/31.8.1/toolkit-json-jackson_2.13-31.8.1.jar:/Users/ug63jm/.m2/repository/com/fasterxml/jackson/datatype/jackson-datatype-jsr310/2.19.2/jackson-datatype-jsr310-2.19.2.jar:/Users/ug63jm/.m2/repository/com/ing/apisdk/toolkit-trust-access-token_2.13/31.8.1/toolkit-trust-access-token_2.13-31.8.1.jar:/Users/ug63jm/.m2/repository/com/ing/apisdk/toolkit-trust-peer-token_2.13/31.8.1/toolkit-trust-peer-token_2.13-31.8.1.jar:/Users/ug63jm/.m2/repository/jakarta/validation/jakarta.validation-api/3.0.2/jakarta.validation-api-3.0.2.jar:/Users/ug63jm/.m2/repository/org/hibernate/validator/hibernate-validator/8.0.3.Final/hibernate-validator-8.0.3.Final.jar:/Users/ug63jm/.m2/repository/org/jboss/logging/jboss-logging/3.6.1.Final/jboss-logging-3.6.1.Final.jar:/Users/ug63jm/.m2/repository/com/fasterxml/classmate/1.7.0/classmate-1.7.0.jar:/Users/ug63jm/.m2/repository/org/glassfish/jakarta.el/4.0.2/jakarta.el-4.0.2.jar:/Users/ug63jm/.m2/repository/jakarta/el/jakarta.el-api/4.0.0/jakarta.el-api-4.0.0.jar:/Users/ug63jm/.m2/repository/io/prometheus/simpleclient/0.16.0/simpleclient-0.16.0.jar:/Users/ug63jm/.m2/repository/io/prometheus/simpleclient_tracer_otel/0.16.0/simpleclient_tracer_otel-0.16.0.jar:/Users/ug63jm/.m2/repository/io/prometheus/simpleclient_tracer_common/0.16.0/simpleclient_tracer_common-0.16.0.jar:/Users/ug63jm/.m2/repository/io/prometheus/simpleclient_tracer_otel_agent/0.16.0/simpleclient_tracer_otel_agent-0.16.0.jar:/Users/ug63jm/.m2/repository/io/prometheus/simpleclient_common/0.16.0/simpleclient_common-0.16.0.jar:/Users/ug63jm/.m2/repository/io/prometheus/simpleclient_hotspot/0.16.0/simpleclient_hotspot-0.16.0.jar:/Users/ug63jm/.m2/repository/com/twitter/finagle-stats_2.13/24.2.0/finagle-stats_2.13-24.2.0.jar:/Users/ug63jm/.m2/repository/com/twitter/finagle-stats-core_2.13/24.2.0/finagle-stats-core_2.13-24.2.0.jar:/Users/ug63jm/.m2/repository/com/twitter/finagle-tunable_2.13/24.2.0/finagle-tunable_2.13-24.2.0.jar:/Users/ug63jm/.m2/repository/io/micrometer/micrometer-registry-prometheus/1.15.4/micrometer-registry-prometheus-1.15.4.jar:/Users/ug63jm/.m2/repository/io/micrometer/micrometer-core/1.15.4/micrometer-core-1.15.4.jar:/Users/ug63jm/.m2/repository/io/micrometer/micrometer-commons/1.15.4/micrometer-commons-1.15.4.jar:/Users/ug63jm/.m2/repository/io/micrometer/micrometer-observation/1.15.4/micrometer-observation-1.15.4.jar:/Users/ug63jm/.m2/repository/org/latencyutils/LatencyUtils/2.0.3/LatencyUtils-2.0.3.jar:/Users/ug63jm/.m2/repository/io/prometheus/prometheus-metrics-core/1.3.10/prometheus-metrics-core-1.3.10.jar:/Users/ug63jm/.m2/repository/io/prometheus/prometheus-metrics-model/1.3.10/prometheus-metrics-model-1.3.10.jar:/Users/ug63jm/.m2/repository/io/prometheus/prometheus-metrics-config/1.3.10/prometheus-metrics-config-1.3.10.jar:/Users/ug63jm/.m2/repository/io/prometheus/prometheus-metrics-tracer-common/1.3.10/prometheus-metrics-tracer-common-1.3.10.jar:/Users/ug63jm/.m2/repository/io/prometheus/prometheus-metrics-exposition-formats/1.3.10/prometheus-metrics-exposition-formats-1.3.10.jar:/Users/ug63jm/.m2/repository/io/prometheus/prometheus-metrics-exposition-textformats/1.3.10/prometheus-metrics-exposition-textformats-1.3.10.jar:/Users/ug63jm/.m2/repository/com/netflix/concurrency-limits/concurrency-limits-core/0.5.3/concurrency-limits-core-0.5.3.jar:/Users/ug63jm/.m2/repository/com/ing/apisdk/toolkit-service_2.13/31.8.1/toolkit-service_2.13-31.8.1.jar:/Users/ug63jm/.m2/repository/com/ing/apisdk/toolkit-cryptography-jose_2.13/31.8.1/toolkit-cryptography-jose_2.13-31.8.1.jar:/Users/ug63jm/.m2/repository/com/nimbusds/nimbus-jose-jwt/10.4.2/nimbus-jose-jwt-10.4.2.jar:/Users/ug63jm/.m2/repository/jakarta/ws/rs/jakarta.ws.rs-api/3.1.0/jakarta.ws.rs-api-3.1.0.jar:/Users/ug63jm/.m2/repository/org/apache/commons/commons-lang3/3.17.0/commons-lang3-3.17.0.jar:/Users/ug63jm/.m2/repository/commons-codec/commons-codec/1.18.0/commons-codec-1.18.0.jar:/Users/ug63jm/.m2/repository/com/ing/apisdk/toolkit-trust-certificates_2.13/31.8.1/toolkit-trust-certificates_2.13-31.8.1.jar:/Users/ug63jm/.m2/repository/com/ing/apisdk/toolkit-jsonwebtoken_2.13/31.8.1/toolkit-jsonwebtoken_2.13-31.8.1.jar:/Users/ug63jm/.m2/repository/com/google/code/gson/gson/2.13.2/gson-2.13.2.jar:/Users/ug63jm/.m2/repository/org/bitbucket/b_c/jose4j/0.9.6/jose4j-0.9.6.jar:/Users/ug63jm/.m2/repository/com/twitter/inject-mdc_2.13/24.2.0/inject-mdc_2.13-24.2.0.jar:/Users/ug63jm/.m2/repository/com/twitter/util-slf4j-api_2.13/24.2.0/util-slf4j-api_2.13-24.2.0.jar:/Users/ug63jm/.m2/repository/com/fasterxml/jackson/core/jackson-annotations/2.19.2/jackson-annotations-2.19.2.jar:/Users/ug63jm/.m2/repository/com/fasterxml/jackson/core/jackson-databind/2.19.2/jackson-databind-2.19.2.jar:/Users/ug63jm/.m2/repository/com/fasterxml/jackson/core/jackson-core/2.19.2/jackson-core-2.19.2.jar:/Users/ug63jm/.m2/repository/com/twitter/finagle-http_2.13/24.2.0/finagle-http_2.13-24.2.0.jar:/Users/ug63jm/.m2/repository/com/twitter/finagle-base-http_2.13/24.2.0/finagle-base-http_2.13-24.2.0.jar:/Users/ug63jm/.m2/repository/io/netty/netty-codec-http/4.1.127.Final/netty-codec-http-4.1.127.Final.jar:/Users/ug63jm/.m2/repository/io/netty/netty-common/4.1.127.Final/netty-common-4.1.127.Final.jar:/Users/ug63jm/.m2/repository/io/netty/netty-buffer/4.1.127.Final/netty-buffer-4.1.127.Final.jar:/Users/ug63jm/.m2/repository/io/netty/netty-codec/4.1.127.Final/netty-codec-4.1.127.Final.jar:/Users/ug63jm/.m2/repository/io/netty/netty-handler/4.1.127.Final/netty-handler-4.1.127.Final.jar:/Users/ug63jm/.m2/repository/io/netty/netty-resolver/4.1.127.Final/netty-resolver-4.1.127.Final.jar:/Users/ug63jm/.m2/repository/io/netty/netty-transport/4.1.127.Final/netty-transport-4.1.127.Final.jar:/Users/ug63jm/.m2/repository/io/netty/netty-resolver-dns/4.1.127.Final/netty-resolver-dns-4.1.127.Final.jar:/Users/ug63jm/.m2/repository/io/netty/netty-codec-dns/4.1.127.Final/netty-codec-dns-4.1.127.Final.jar:/Users/ug63jm/.m2/repository/io/netty/netty-transport-native-epoll/4.1.127.Final/netty-transport-native-epoll-4.1.127.Final-linux-x86_64.jar:/Users/ug63jm/.m2/repository/io/netty/netty-transport-classes-epoll/4.1.127.Final/netty-transport-classes-epoll-4.1.127.Final.jar:/Users/ug63jm/.m2/repository/io/netty/netty-transport-native-epoll/4.1.127.Final/netty-transport-native-epoll-4.1.127.Final-linux-aarch_64.jar:/Users/ug63jm/.m2/repository/io/netty/netty-transport-native-unix-common/4.1.127.Final/netty-transport-native-unix-common-4.1.127.Final.jar:/Users/ug63jm/.m2/repository/io/netty/netty-handler-proxy/4.1.127.Final/netty-handler-proxy-4.1.127.Final.jar:/Users/ug63jm/.m2/repository/io/netty/netty-codec-socks/4.1.127.Final/netty-codec-socks-4.1.127.Final.jar:/Users/ug63jm/.m2/repository/com/github/luben/zstd-jni/1.5.2-1/zstd-jni-1.5.2-1.jar:/Users/ug63jm/.m2/repository/com/twitter/finagle-netty4-http_2.13/24.2.0/finagle-netty4-http_2.13-24.2.0.jar:/Users/ug63jm/.m2/repository/com/twitter/finagle-netty4_2.13/24.2.0/finagle-netty4_2.13-24.2.0.jar:/Users/ug63jm/.m2/repository/com/twitter/finagle-http2_2.13/24.2.0/finagle-http2_2.13-24.2.0.jar:/Users/ug63jm/.m2/repository/io/netty/netty-codec-http2/4.1.127.Final/netty-codec-http2-4.1.127.Final.jar:/Users/ug63jm/.m2/repository/io/netty/netty-tcnative-boringssl-static/2.0.73.Final/netty-tcnative-boringssl-static-2.0.73.Final.jar:/Users/ug63jm/.m2/repository/io/netty/netty-tcnative-classes/2.0.73.Final/netty-tcnative-classes-2.0.73.Final.jar:/Users/ug63jm/.m2/repository/io/netty/netty-tcnative-boringssl-static/2.0.73.Final/netty-tcnative-boringssl-static-2.0.73.Final-linux-x86_64.jar:/Users/ug63jm/.m2/repository/io/netty/netty-tcnative-boringssl-static/2.0.73.Final/netty-tcnative-boringssl-static-2.0.73.Final-linux-aarch_64.jar:/Users/ug63jm/.m2/repository/io/netty/netty-tcnative-boringssl-static/2.0.73.Final/netty-tcnative-boringssl-static-2.0.73.Final-osx-x86_64.jar:/Users/ug63jm/.m2/repository/io/netty/netty-tcnative-boringssl-static/2.0.73.Final/netty-tcnative-boringssl-static-2.0.73.Final-osx-aarch_64.jar:/Users/ug63jm/.m2/repository/io/netty/netty-tcnative-boringssl-static/2.0.73.Final/netty-tcnative-boringssl-static-2.0.73.Final-windows-x86_64.jar:/Users/ug63jm/.m2/repository/com/twitter/finagle-core_2.13/24.2.0/finagle-core_2.13-24.2.0.jar:/Users/ug63jm/.m2/repository/com/twitter/finagle-toggle_2.13/24.2.0/finagle-toggle_2.13-24.2.0.jar:/Users/ug63jm/.m2/repository/com/fasterxml/jackson/module/jackson-module-scala_2.13/2.19.2/jackson-module-scala_2.13-2.19.2.jar:/Users/ug63jm/.m2/repository/com/thoughtworks/paranamer/paranamer/2.8.3/paranamer-2.8.3.jar:/Users/ug63jm/.m2/repository/com/twitter/finagle-init_2.13/24.2.0/finagle-init_2.13-24.2.0.jar:/Users/ug63jm/.m2/repository/org/scala-lang/modules/scala-collection-compat_2.13/2.1.2/scala-collection-compat_2.13-2.1.2.jar:/Users/ug63jm/.m2/repository/com/twitter/util-app_2.13/24.2.0/util-app_2.13-24.2.0.jar:/Users/ug63jm/.m2/repository/com/twitter/util-app-lifecycle_2.13/24.2.0/util-app-lifecycle_2.13-24.2.0.jar:/Users/ug63jm/.m2/repository/com/twitter/util-cache_2.13/24.2.0/util-cache_2.13-24.2.0.jar:/Users/ug63jm/.m2/repository/com/twitter/util-codec_2.13/24.2.0/util-codec_2.13-24.2.0.jar:/Users/ug63jm/.m2/repository/com/twitter/util-core_2.13/24.2.0/util-core_2.13-24.2.0.jar:/Users/ug63jm/.m2/repository/com/twitter/util-function_2.13/24.2.0/util-function_2.13-24.2.0.jar:/Users/ug63jm/.m2/repository/org/scala-lang/modules/scala-parser-combinators_2.13/1.1.2/scala-parser-combinators_2.13-1.1.2.jar:/Users/ug63jm/.m2/repository/com/twitter/util-hashing_2.13/24.2.0/util-hashing_2.13-24.2.0.jar:/Users/ug63jm/.m2/repository/com/twitter/util-jvm_2.13/24.2.0/util-jvm_2.13-24.2.0.jar:/Users/ug63jm/.m2/repository/com/twitter/util-lint_2.13/24.2.0/util-lint_2.13-24.2.0.jar:/Users/ug63jm/.m2/repository/com/twitter/util-logging_2.13/24.2.0/util-logging_2.13-24.2.0.jar:/Users/ug63jm/.m2/repository/com/twitter/util-registry_2.13/24.2.0/util-registry_2.13-24.2.0.jar:/Users/ug63jm/.m2/repository/com/twitter/util-routing_2.13/24.2.0/util-routing_2.13-24.2.0.jar:/Users/ug63jm/.m2/repository/com/twitter/util-security_2.13/24.2.0/util-security_2.13-24.2.0.jar:/Users/ug63jm/.m2/repository/org/yaml/snakeyaml/2.4/snakeyaml-2.4.jar:/Users/ug63jm/.m2/repository/com/twitter/util-stats_2.13/24.2.0/util-stats_2.13-24.2.0.jar:/Users/ug63jm/.m2/repository/com/twitter/util-tunable_2.13/24.2.0/util-tunable_2.13-24.2.0.jar:/Users/ug63jm/.m2/repository/com/github/ben-manes/caffeine/caffeine/3.2.2/caffeine-3.2.2.jar:/Users/ug63jm/.m2/repository/org/jspecify/jspecify/1.0.0/jspecify-1.0.0.jar:/Users/ug63jm/.m2/repository/com/google/errorprone/error_prone_annotations/2.40.0/error_prone_annotations-2.40.0.jar:/Users/ug63jm/.m2/repository/org/hdrhistogram/HdrHistogram/2.1.11/HdrHistogram-2.1.11.jar:/Users/ug63jm/.m2/repository/com/google/code/findbugs/jsr305/2.0.1/jsr305-2.0.1.jar:/Users/ug63jm/.m2/repository/ch/qos/logback/logback-classic/1.5.18/logback-classic-1.5.18.jar:/Users/ug63jm/.m2/repository/ch/qos/logback/logback-core/1.5.18/logback-core-1.5.18.jar:/Users/ug63jm/.m2/repository/com/typesafe/scala-logging/scala-logging_2.13/3.9.5/scala-logging_2.13-3.9.5.jar:/Users/ug63jm/.m2/repository/com/typesafe/config/1.4.2/config-1.4.2.jar:/Users/ug63jm/.m2/repository/io/dropwizard/metrics/metrics-graphite/4.1.0/metrics-graphite-4.1.0.jar:/Users/ug63jm/.m2/repository/io/dropwizard/metrics/metrics-core/4.1.0/metrics-core-4.1.0.jar:/Users/ug63jm/.m2/repository/org/slf4j/slf4j-api/2.0.17/slf4j-api-2.0.17.jar:/Users/ug63jm/.m2/repository/org/scalatest/scalatest_2.13/3.2.19/scalatest_2.13-3.2.19.jar:/Users/ug63jm/.m2/repository/org/scalatest/scalatest-core_2.13/3.2.19/scalatest-core_2.13-3.2.19.jar:/Users/ug63jm/.m2/repository/org/scalatest/scalatest-compatible/3.2.19/scalatest-compatible-3.2.19.jar:/Users/ug63jm/.m2/repository/org/scalactic/scalactic_2.13/3.2.19/scalactic_2.13-3.2.19.jar:/Users/ug63jm/.m2/repository/org/scala-lang/modules/scala-xml_2.13/2.1.0/scala-xml_2.13-2.1.0.jar:/Users/ug63jm/.m2/repository/org/scalatest/scalatest-featurespec_2.13/3.2.19/scalatest-featurespec_2.13-3.2.19.jar:/Users/ug63jm/.m2/repository/org/scalatest/scalatest-flatspec_2.13/3.2.19/scalatest-flatspec_2.13-3.2.19.jar:/Users/ug63jm/.m2/repository/org/scalatest/scalatest-freespec_2.13/3.2.19/scalatest-freespec_2.13-3.2.19.jar:/Users/ug63jm/.m2/repository/org/scalatest/scalatest-funsuite_2.13/3.2.19/scalatest-funsuite_2.13-3.2.19.jar:/Users/ug63jm/.m2/repository/org/scalatest/scalatest-funspec_2.13/3.2.19/scalatest-funspec_2.13-3.2.19.jar:/Users/ug63jm/.m2/repository/org/scalatest/scalatest-propspec_2.13/3.2.19/scalatest-propspec_2.13-3.2.19.jar:/Users/ug63jm/.m2/repository/org/scalatest/scalatest-refspec_2.13/3.2.19/scalatest-refspec_2.13-3.2.19.jar:/Users/ug63jm/.m2/repository/org/scalatest/scalatest-wordspec_2.13/3.2.19/scalatest-wordspec_2.13-3.2.19.jar:/Users/ug63jm/.m2/repository/org/scalatest/scalatest-diagrams_2.13/3.2.19/scalatest-diagrams_2.13-3.2.19.jar:/Users/ug63jm/.m2/repository/org/scalatest/scalatest-matchers-core_2.13/3.2.19/scalatest-matchers-core_2.13-3.2.19.jar:/Users/ug63jm/.m2/repository/org/scalatest/scalatest-shouldmatchers_2.13/3.2.19/scalatest-shouldmatchers_2.13-3.2.19.jar:/Users/ug63jm/.m2/repository/org/scalatest/scalatest-mustmatchers_2.13/3.2.19/scalatest-mustmatchers_2.13-3.2.19.jar:/Users/ug63jm/.m2/repository/org/scala-lang/scala-reflect/2.13.10/scala-reflect-2.13.10.jar:/Users/ug63jm/.m2/repository/org/scalatestplus/junit-4-13_2.13/3.2.19.0/junit-4-13_2.13-3.2.19.0.jar:/Users/ug63jm/.m2/repository/junit/junit/4.13.2/junit-4.13.2.jar:/Users/ug63jm/.m2/repository/org/hamcrest/hamcrest-core/3.0/hamcrest-core-3.0.jar:/Users/ug63jm/.m2/repository/org/hamcrest/hamcrest/3.0/hamcrest-3.0.jar:/Users/ug63jm/.m2/repository/org/scalatestplus/scalacheck-1-18_2.13/3.2.19.0/scalacheck-1-18_2.13-3.2.19.0.jar:/Users/ug63jm/.m2/repository/org/scalacheck/scalacheck_2.13/1.18.0/scalacheck_2.13-1.18.0.jar:/Users/ug63jm/.m2/repository/org/scala-sbt/test-interface/1.0/test-interface-1.0.jar:/Users/ug63jm/.m2/repository/org/scalatestplus/mockito-5-12_2.13/3.2.19.0/mockito-5-12_2.13-3.2.19.0.jar:"/>
    <property name="java.vm.vendor" value="Oracle Corporation"/>
    <property name="sun.arch.data.model" value="64"/>
    <property name="java.vendor.url" value="https://java.oracle.com/"/>
    <property name="user.timezone" value="Europe/Amsterdam"/>
    <property name="os.name" value="Mac OS X"/>
    <property name="java.vm.specification.version" value="21"/>
    <property name="sun.java.launcher" value="SUN_STANDARD"/>
    <property name="user.country" value="US"/>
    <property name="sun.boot.library.path" value="/Users/ug63jm/.sdkman/candidates/java/21.0.2-open/lib"/>
    <property name="sun.java.command" value="/Users/ug63jm/dev/api/P01713-contacting-core-libs/contacting-caching-java/target/surefire/surefirebooter-20251113080350080_6.jar /Users/ug63jm/dev/api/P01713-contacting-core-libs/contacting-caching-java/target/surefire 2025-11-13T08-03-30_591-jvmRun1 surefire-20251113080350080_4tmp surefire_1-20251113080350080_5tmp"/>
    <property name="jdk.debug" value="release"/>
    <property name="surefire.test.class.path" value="/Users/ug63jm/dev/api/P01713-contacting-core-libs/contacting-caching-java/target/test-classes:/Users/ug63jm/dev/api/P01713-contacting-core-libs/contacting-caching-java/target/classes:/Users/ug63jm/.m2/repository/org/projectlombok/lombok/1.18.30/lombok-1.18.30.jar:/Users/ug63jm/.m2/repository/org/junit/jupiter/junit-jupiter/6.0.0/junit-jupiter-6.0.0.jar:/Users/ug63jm/.m2/repository/org/junit/jupiter/junit-jupiter-api/5.12.2/junit-jupiter-api-5.12.2.jar:/Users/ug63jm/.m2/repository/org/opentest4j/opentest4j/1.3.0/opentest4j-1.3.0.jar:/Users/ug63jm/.m2/repository/org/junit/platform/junit-platform-commons/1.12.2/junit-platform-commons-1.12.2.jar:/Users/ug63jm/.m2/repository/org/apiguardian/apiguardian-api/1.1.2/apiguardian-api-1.1.2.jar:/Users/ug63jm/.m2/repository/org/junit/jupiter/junit-jupiter-params/5.12.2/junit-jupiter-params-5.12.2.jar:/Users/ug63jm/.m2/repository/org/junit/jupiter/junit-jupiter-engine/5.12.2/junit-jupiter-engine-5.12.2.jar:/Users/ug63jm/.m2/repository/org/junit/platform/junit-platform-engine/1.12.2/junit-platform-engine-1.12.2.jar:/Users/ug63jm/.m2/repository/org/mockito/mockito-core/5.2.0/mockito-core-5.2.0.jar:/Users/ug63jm/.m2/repository/net/bytebuddy/byte-buddy/1.17.7/byte-buddy-1.17.7.jar:/Users/ug63jm/.m2/repository/net/bytebuddy/byte-buddy-agent/1.17.7/byte-buddy-agent-1.17.7.jar:/Users/ug63jm/.m2/repository/org/objenesis/objenesis/3.3/objenesis-3.3.jar:/Users/ug63jm/.m2/repository/com/ing/apisdk/toolkit-connectivity-api_2.13/31.8.1/toolkit-connectivity-api_2.13-31.8.1.jar:/Users/ug63jm/.m2/repository/org/scala-lang/scala-library/2.13.16/scala-library-2.13.16.jar:/Users/ug63jm/.m2/repository/com/ing/apisdk/toolkit-connectivity-transport-core_2.13/31.8.1/toolkit-connectivity-transport-core_2.13-31.8.1.jar:/Users/ug63jm/.m2/repository/com/ing/apisdk/toolkit-core-util_2.13/31.8.1/toolkit-core-util_2.13-31.8.1.jar:/Users/ug63jm/.m2/repository/com/ing/apisdk/toolkit-connectivity-tracing-core_2.13/31.8.1/toolkit-connectivity-tracing-core_2.13-31.8.1.jar:/Users/ug63jm/.m2/repository/io/opentelemetry/opentelemetry-api/1.49.0/opentelemetry-api-1.49.0.jar:/Users/ug63jm/.m2/repository/io/opentelemetry/opentelemetry-context/1.49.0/opentelemetry-context-1.49.0.jar:/Users/ug63jm/.m2/repository/io/opentelemetry/opentelemetry-extension-trace-propagators/1.49.0/opentelemetry-extension-trace-propagators-1.49.0.jar:/Users/ug63jm/.m2/repository/com/ing/apisdk/toolkit-keystores_2.13/31.8.1/toolkit-keystores_2.13-31.8.1.jar:/Users/ug63jm/.m2/repository/jakarta/annotation/jakarta.annotation-api/2.1.1/jakarta.annotation-api-2.1.1.jar:/Users/ug63jm/.m2/repository/com/ing/apisdk/toolkit-resilience-backpressure_2.13/31.8.1/toolkit-resilience-backpressure_2.13-31.8.1.jar:/Users/ug63jm/.m2/repository/com/ing/apisdk/toolkit-metrics-prometheus_2.13/31.8.1/toolkit-metrics-prometheus_2.13-31.8.1.jar:/Users/ug63jm/.m2/repository/com/ing/apisdk/toolkit-metrics-core_2.13/31.8.1/toolkit-metrics-core_2.13-31.8.1.jar:/Users/ug63jm/.m2/repository/com/ing/apisdk/toolkit-tracing-api_2.13/31.8.1/toolkit-tracing-api_2.13-31.8.1.jar:/Users/ug63jm/.m2/repository/io/opentelemetry/opentelemetry-sdk-extension-autoconfigure-spi/1.49.0/opentelemetry-sdk-extension-autoconfigure-spi-1.49.0.jar:/Users/ug63jm/.m2/repository/io/opentelemetry/contrib/opentelemetry-kafka-exporter/1.46.0-alpha/opentelemetry-kafka-exporter-1.46.0-alpha.jar:/Users/ug63jm/.m2/repository/io/opentelemetry/opentelemetry-sdk-common/1.49.0/opentelemetry-sdk-common-1.49.0.jar:/Users/ug63jm/.m2/repository/io/opentelemetry/proto/opentelemetry-proto/1.5.0-alpha/opentelemetry-proto-1.5.0-alpha.jar:/Users/ug63jm/.m2/repository/org/apache/kafka/kafka-clients/3.9.1/kafka-clients-3.9.1.jar:/Users/ug63jm/.m2/repository/org/lz4/lz4-java/1.8.0/lz4-java-1.8.0.jar:/Users/ug63jm/.m2/repository/org/xerial/snappy/snappy-java/1.1.10.5/snappy-java-1.1.10.5.jar:/Users/ug63jm/.m2/repository/io/opentelemetry/opentelemetry-exporter-otlp-common/1.49.0/opentelemetry-exporter-otlp-common-1.49.0.jar:/Users/ug63jm/.m2/repository/io/opentelemetry/opentelemetry-exporter-common/1.49.0/opentelemetry-exporter-common-1.49.0.jar:/Users/ug63jm/.m2/repository/com/google/protobuf/protobuf-java/4.28.3/protobuf-java-4.28.3.jar:/Users/ug63jm/.m2/repository/io/opentelemetry/opentelemetry-exporter-logging/1.49.0/opentelemetry-exporter-logging-1.49.0.jar:/Users/ug63jm/.m2/repository/io/opentelemetry/opentelemetry-sdk/1.49.0/opentelemetry-sdk-1.49.0.jar:/Users/ug63jm/.m2/repository/io/opentelemetry/opentelemetry-sdk-metrics/1.49.0/opentelemetry-sdk-metrics-1.49.0.jar:/Users/ug63jm/.m2/repository/io/opentelemetry/opentelemetry-sdk-logs/1.49.0/opentelemetry-sdk-logs-1.49.0.jar:/Users/ug63jm/.m2/repository/io/opentelemetry/opentelemetry-sdk-trace/1.49.0/opentelemetry-sdk-trace-1.49.0.jar:/Users/ug63jm/.m2/repository/io/opentelemetry/semconv/opentelemetry-semconv/1.32.0/opentelemetry-semconv-1.32.0.jar:/Users/ug63jm/.m2/repository/io/opentelemetry/semconv/opentelemetry-semconv-incubating/1.32.0-alpha/opentelemetry-semconv-incubating-1.32.0-alpha.jar:/Users/ug63jm/.m2/repository/com/ing/apisdk/toolkit-trust-token_2.13/31.8.1/toolkit-trust-token_2.13-31.8.1.jar:/Users/ug63jm/.m2/repository/com/ing/apisdk/toolkit-esperanto-core_2.13/31.8.1/toolkit-esperanto-core_2.13-31.8.1.jar:/Users/ug63jm/.m2/repository/com/ing/apisdk/toolkit-json-jackson_2.13/31.8.1/toolkit-json-jackson_2.13-31.8.1.jar:/Users/ug63jm/.m2/repository/com/fasterxml/jackson/datatype/jackson-datatype-jsr310/2.19.2/jackson-datatype-jsr310-2.19.2.jar:/Users/ug63jm/.m2/repository/com/ing/apisdk/toolkit-trust-access-token_2.13/31.8.1/toolkit-trust-access-token_2.13-31.8.1.jar:/Users/ug63jm/.m2/repository/com/ing/apisdk/toolkit-trust-peer-token_2.13/31.8.1/toolkit-trust-peer-token_2.13-31.8.1.jar:/Users/ug63jm/.m2/repository/jakarta/validation/jakarta.validation-api/3.0.2/jakarta.validation-api-3.0.2.jar:/Users/ug63jm/.m2/repository/org/hibernate/validator/hibernate-validator/8.0.3.Final/hibernate-validator-8.0.3.Final.jar:/Users/ug63jm/.m2/repository/org/jboss/logging/jboss-logging/3.6.1.Final/jboss-logging-3.6.1.Final.jar:/Users/ug63jm/.m2/repository/com/fasterxml/classmate/1.7.0/classmate-1.7.0.jar:/Users/ug63jm/.m2/repository/org/glassfish/jakarta.el/4.0.2/jakarta.el-4.0.2.jar:/Users/ug63jm/.m2/repository/jakarta/el/jakarta.el-api/4.0.0/jakarta.el-api-4.0.0.jar:/Users/ug63jm/.m2/repository/io/prometheus/simpleclient/0.16.0/simpleclient-0.16.0.jar:/Users/ug63jm/.m2/repository/io/prometheus/simpleclient_tracer_otel/0.16.0/simpleclient_tracer_otel-0.16.0.jar:/Users/ug63jm/.m2/repository/io/prometheus/simpleclient_tracer_common/0.16.0/simpleclient_tracer_common-0.16.0.jar:/Users/ug63jm/.m2/repository/io/prometheus/simpleclient_tracer_otel_agent/0.16.0/simpleclient_tracer_otel_agent-0.16.0.jar:/Users/ug63jm/.m2/repository/io/prometheus/simpleclient_common/0.16.0/simpleclient_common-0.16.0.jar:/Users/ug63jm/.m2/repository/io/prometheus/simpleclient_hotspot/0.16.0/simpleclient_hotspot-0.16.0.jar:/Users/ug63jm/.m2/repository/com/twitter/finagle-stats_2.13/24.2.0/finagle-stats_2.13-24.2.0.jar:/Users/ug63jm/.m2/repository/com/twitter/finagle-stats-core_2.13/24.2.0/finagle-stats-core_2.13-24.2.0.jar:/Users/ug63jm/.m2/repository/com/twitter/finagle-tunable_2.13/24.2.0/finagle-tunable_2.13-24.2.0.jar:/Users/ug63jm/.m2/repository/io/micrometer/micrometer-registry-prometheus/1.15.4/micrometer-registry-prometheus-1.15.4.jar:/Users/ug63jm/.m2/repository/io/micrometer/micrometer-core/1.15.4/micrometer-core-1.15.4.jar:/Users/ug63jm/.m2/repository/io/micrometer/micrometer-commons/1.15.4/micrometer-commons-1.15.4.jar:/Users/ug63jm/.m2/repository/io/micrometer/micrometer-observation/1.15.4/micrometer-observation-1.15.4.jar:/Users/ug63jm/.m2/repository/org/latencyutils/LatencyUtils/2.0.3/LatencyUtils-2.0.3.jar:/Users/ug63jm/.m2/repository/io/prometheus/prometheus-metrics-core/1.3.10/prometheus-metrics-core-1.3.10.jar:/Users/ug63jm/.m2/repository/io/prometheus/prometheus-metrics-model/1.3.10/prometheus-metrics-model-1.3.10.jar:/Users/ug63jm/.m2/repository/io/prometheus/prometheus-metrics-config/1.3.10/prometheus-metrics-config-1.3.10.jar:/Users/ug63jm/.m2/repository/io/prometheus/prometheus-metrics-tracer-common/1.3.10/prometheus-metrics-tracer-common-1.3.10.jar:/Users/ug63jm/.m2/repository/io/prometheus/prometheus-metrics-exposition-formats/1.3.10/prometheus-metrics-exposition-formats-1.3.10.jar:/Users/ug63jm/.m2/repository/io/prometheus/prometheus-metrics-exposition-textformats/1.3.10/prometheus-metrics-exposition-textformats-1.3.10.jar:/Users/ug63jm/.m2/repository/com/netflix/concurrency-limits/concurrency-limits-core/0.5.3/concurrency-limits-core-0.5.3.jar:/Users/ug63jm/.m2/repository/com/ing/apisdk/toolkit-service_2.13/31.8.1/toolkit-service_2.13-31.8.1.jar:/Users/ug63jm/.m2/repository/com/ing/apisdk/toolkit-cryptography-jose_2.13/31.8.1/toolkit-cryptography-jose_2.13-31.8.1.jar:/Users/ug63jm/.m2/repository/com/nimbusds/nimbus-jose-jwt/10.4.2/nimbus-jose-jwt-10.4.2.jar:/Users/ug63jm/.m2/repository/jakarta/ws/rs/jakarta.ws.rs-api/3.1.0/jakarta.ws.rs-api-3.1.0.jar:/Users/ug63jm/.m2/repository/org/apache/commons/commons-lang3/3.17.0/commons-lang3-3.17.0.jar:/Users/ug63jm/.m2/repository/commons-codec/commons-codec/1.18.0/commons-codec-1.18.0.jar:/Users/ug63jm/.m2/repository/com/ing/apisdk/toolkit-trust-certificates_2.13/31.8.1/toolkit-trust-certificates_2.13-31.8.1.jar:/Users/ug63jm/.m2/repository/com/ing/apisdk/toolkit-jsonwebtoken_2.13/31.8.1/toolkit-jsonwebtoken_2.13-31.8.1.jar:/Users/ug63jm/.m2/repository/com/google/code/gson/gson/2.13.2/gson-2.13.2.jar:/Users/ug63jm/.m2/repository/org/bitbucket/b_c/jose4j/0.9.6/jose4j-0.9.6.jar:/Users/ug63jm/.m2/repository/com/twitter/inject-mdc_2.13/24.2.0/inject-mdc_2.13-24.2.0.jar:/Users/ug63jm/.m2/repository/com/twitter/util-slf4j-api_2.13/24.2.0/util-slf4j-api_2.13-24.2.0.jar:/Users/ug63jm/.m2/repository/com/fasterxml/jackson/core/jackson-annotations/2.19.2/jackson-annotations-2.19.2.jar:/Users/ug63jm/.m2/repository/com/fasterxml/jackson/core/jackson-databind/2.19.2/jackson-databind-2.19.2.jar:/Users/ug63jm/.m2/repository/com/fasterxml/jackson/core/jackson-core/2.19.2/jackson-core-2.19.2.jar:/Users/ug63jm/.m2/repository/com/twitter/finagle-http_2.13/24.2.0/finagle-http_2.13-24.2.0.jar:/Users/ug63jm/.m2/repository/com/twitter/finagle-base-http_2.13/24.2.0/finagle-base-http_2.13-24.2.0.jar:/Users/ug63jm/.m2/repository/io/netty/netty-codec-http/4.1.127.Final/netty-codec-http-4.1.127.Final.jar:/Users/ug63jm/.m2/repository/io/netty/netty-common/4.1.127.Final/netty-common-4.1.127.Final.jar:/Users/ug63jm/.m2/repository/io/netty/netty-buffer/4.1.127.Final/netty-buffer-4.1.127.Final.jar:/Users/ug63jm/.m2/repository/io/netty/netty-codec/4.1.127.Final/netty-codec-4.1.127.Final.jar:/Users/ug63jm/.m2/repository/io/netty/netty-handler/4.1.127.Final/netty-handler-4.1.127.Final.jar:/Users/ug63jm/.m2/repository/io/netty/netty-resolver/4.1.127.Final/netty-resolver-4.1.127.Final.jar:/Users/ug63jm/.m2/repository/io/netty/netty-transport/4.1.127.Final/netty-transport-4.1.127.Final.jar:/Users/ug63jm/.m2/repository/io/netty/netty-resolver-dns/4.1.127.Final/netty-resolver-dns-4.1.127.Final.jar:/Users/ug63jm/.m2/repository/io/netty/netty-codec-dns/4.1.127.Final/netty-codec-dns-4.1.127.Final.jar:/Users/ug63jm/.m2/repository/io/netty/netty-transport-native-epoll/4.1.127.Final/netty-transport-native-epoll-4.1.127.Final-linux-x86_64.jar:/Users/ug63jm/.m2/repository/io/netty/netty-transport-classes-epoll/4.1.127.Final/netty-transport-classes-epoll-4.1.127.Final.jar:/Users/ug63jm/.m2/repository/io/netty/netty-transport-native-epoll/4.1.127.Final/netty-transport-native-epoll-4.1.127.Final-linux-aarch_64.jar:/Users/ug63jm/.m2/repository/io/netty/netty-transport-native-unix-common/4.1.127.Final/netty-transport-native-unix-common-4.1.127.Final.jar:/Users/ug63jm/.m2/repository/io/netty/netty-handler-proxy/4.1.127.Final/netty-handler-proxy-4.1.127.Final.jar:/Users/ug63jm/.m2/repository/io/netty/netty-codec-socks/4.1.127.Final/netty-codec-socks-4.1.127.Final.jar:/Users/ug63jm/.m2/repository/com/github/luben/zstd-jni/1.5.2-1/zstd-jni-1.5.2-1.jar:/Users/ug63jm/.m2/repository/com/twitter/finagle-netty4-http_2.13/24.2.0/finagle-netty4-http_2.13-24.2.0.jar:/Users/ug63jm/.m2/repository/com/twitter/finagle-netty4_2.13/24.2.0/finagle-netty4_2.13-24.2.0.jar:/Users/ug63jm/.m2/repository/com/twitter/finagle-http2_2.13/24.2.0/finagle-http2_2.13-24.2.0.jar:/Users/ug63jm/.m2/repository/io/netty/netty-codec-http2/4.1.127.Final/netty-codec-http2-4.1.127.Final.jar:/Users/ug63jm/.m2/repository/io/netty/netty-tcnative-boringssl-static/2.0.73.Final/netty-tcnative-boringssl-static-2.0.73.Final.jar:/Users/ug63jm/.m2/repository/io/netty/netty-tcnative-classes/2.0.73.Final/netty-tcnative-classes-2.0.73.Final.jar:/Users/ug63jm/.m2/repository/io/netty/netty-tcnative-boringssl-static/2.0.73.Final/netty-tcnative-boringssl-static-2.0.73.Final-linux-x86_64.jar:/Users/ug63jm/.m2/repository/io/netty/netty-tcnative-boringssl-static/2.0.73.Final/netty-tcnative-boringssl-static-2.0.73.Final-linux-aarch_64.jar:/Users/ug63jm/.m2/repository/io/netty/netty-tcnative-boringssl-static/2.0.73.Final/netty-tcnative-boringssl-static-2.0.73.Final-osx-x86_64.jar:/Users/ug63jm/.m2/repository/io/netty/netty-tcnative-boringssl-static/2.0.73.Final/netty-tcnative-boringssl-static-2.0.73.Final-osx-aarch_64.jar:/Users/ug63jm/.m2/repository/io/netty/netty-tcnative-boringssl-static/2.0.73.Final/netty-tcnative-boringssl-static-2.0.73.Final-windows-x86_64.jar:/Users/ug63jm/.m2/repository/com/twitter/finagle-core_2.13/24.2.0/finagle-core_2.13-24.2.0.jar:/Users/ug63jm/.m2/repository/com/twitter/finagle-toggle_2.13/24.2.0/finagle-toggle_2.13-24.2.0.jar:/Users/ug63jm/.m2/repository/com/fasterxml/jackson/module/jackson-module-scala_2.13/2.19.2/jackson-module-scala_2.13-2.19.2.jar:/Users/ug63jm/.m2/repository/com/thoughtworks/paranamer/paranamer/2.8.3/paranamer-2.8.3.jar:/Users/ug63jm/.m2/repository/com/twitter/finagle-init_2.13/24.2.0/finagle-init_2.13-24.2.0.jar:/Users/ug63jm/.m2/repository/org/scala-lang/modules/scala-collection-compat_2.13/2.1.2/scala-collection-compat_2.13-2.1.2.jar:/Users/ug63jm/.m2/repository/com/twitter/util-app_2.13/24.2.0/util-app_2.13-24.2.0.jar:/Users/ug63jm/.m2/repository/com/twitter/util-app-lifecycle_2.13/24.2.0/util-app-lifecycle_2.13-24.2.0.jar:/Users/ug63jm/.m2/repository/com/twitter/util-cache_2.13/24.2.0/util-cache_2.13-24.2.0.jar:/Users/ug63jm/.m2/repository/com/twitter/util-codec_2.13/24.2.0/util-codec_2.13-24.2.0.jar:/Users/ug63jm/.m2/repository/com/twitter/util-core_2.13/24.2.0/util-core_2.13-24.2.0.jar:/Users/ug63jm/.m2/repository/com/twitter/util-function_2.13/24.2.0/util-function_2.13-24.2.0.jar:/Users/ug63jm/.m2/repository/org/scala-lang/modules/scala-parser-combinators_2.13/1.1.2/scala-parser-combinators_2.13-1.1.2.jar:/Users/ug63jm/.m2/repository/com/twitter/util-hashing_2.13/24.2.0/util-hashing_2.13-24.2.0.jar:/Users/ug63jm/.m2/repository/com/twitter/util-jvm_2.13/24.2.0/util-jvm_2.13-24.2.0.jar:/Users/ug63jm/.m2/repository/com/twitter/util-lint_2.13/24.2.0/util-lint_2.13-24.2.0.jar:/Users/ug63jm/.m2/repository/com/twitter/util-logging_2.13/24.2.0/util-logging_2.13-24.2.0.jar:/Users/ug63jm/.m2/repository/com/twitter/util-registry_2.13/24.2.0/util-registry_2.13-24.2.0.jar:/Users/ug63jm/.m2/repository/com/twitter/util-routing_2.13/24.2.0/util-routing_2.13-24.2.0.jar:/Users/ug63jm/.m2/repository/com/twitter/util-security_2.13/24.2.0/util-security_2.13-24.2.0.jar:/Users/ug63jm/.m2/repository/org/yaml/snakeyaml/2.4/snakeyaml-2.4.jar:/Users/ug63jm/.m2/repository/com/twitter/util-stats_2.13/24.2.0/util-stats_2.13-24.2.0.jar:/Users/ug63jm/.m2/repository/com/twitter/util-tunable_2.13/24.2.0/util-tunable_2.13-24.2.0.jar:/Users/ug63jm/.m2/repository/com/github/ben-manes/caffeine/caffeine/3.2.2/caffeine-3.2.2.jar:/Users/ug63jm/.m2/repository/org/jspecify/jspecify/1.0.0/jspecify-1.0.0.jar:/Users/ug63jm/.m2/repository/com/google/errorprone/error_prone_annotations/2.40.0/error_prone_annotations-2.40.0.jar:/Users/ug63jm/.m2/repository/org/hdrhistogram/HdrHistogram/2.1.11/HdrHistogram-2.1.11.jar:/Users/ug63jm/.m2/repository/com/google/code/findbugs/jsr305/2.0.1/jsr305-2.0.1.jar:/Users/ug63jm/.m2/repository/ch/qos/logback/logback-classic/1.5.18/logback-classic-1.5.18.jar:/Users/ug63jm/.m2/repository/ch/qos/logback/logback-core/1.5.18/logback-core-1.5.18.jar:/Users/ug63jm/.m2/repository/com/typesafe/scala-logging/scala-logging_2.13/3.9.5/scala-logging_2.13-3.9.5.jar:/Users/ug63jm/.m2/repository/com/typesafe/config/1.4.2/config-1.4.2.jar:/Users/ug63jm/.m2/repository/io/dropwizard/metrics/metrics-graphite/4.1.0/metrics-graphite-4.1.0.jar:/Users/ug63jm/.m2/repository/io/dropwizard/metrics/metrics-core/4.1.0/metrics-core-4.1.0.jar:/Users/ug63jm/.m2/repository/org/slf4j/slf4j-api/2.0.17/slf4j-api-2.0.17.jar:/Users/ug63jm/.m2/repository/org/scalatest/scalatest_2.13/3.2.19/scalatest_2.13-3.2.19.jar:/Users/ug63jm/.m2/repository/org/scalatest/scalatest-core_2.13/3.2.19/scalatest-core_2.13-3.2.19.jar:/Users/ug63jm/.m2/repository/org/scalatest/scalatest-compatible/3.2.19/scalatest-compatible-3.2.19.jar:/Users/ug63jm/.m2/repository/org/scalactic/scalactic_2.13/3.2.19/scalactic_2.13-3.2.19.jar:/Users/ug63jm/.m2/repository/org/scala-lang/modules/scala-xml_2.13/2.1.0/scala-xml_2.13-2.1.0.jar:/Users/ug63jm/.m2/repository/org/scalatest/scalatest-featurespec_2.13/3.2.19/scalatest-featurespec_2.13-3.2.19.jar:/Users/ug63jm/.m2/repository/org/scalatest/scalatest-flatspec_2.13/3.2.19/scalatest-flatspec_2.13-3.2.19.jar:/Users/ug63jm/.m2/repository/org/scalatest/scalatest-freespec_2.13/3.2.19/scalatest-freespec_2.13-3.2.19.jar:/Users/ug63jm/.m2/repository/org/scalatest/scalatest-funsuite_2.13/3.2.19/scalatest-funsuite_2.13-3.2.19.jar:/Users/ug63jm/.m2/repository/org/scalatest/scalatest-funspec_2.13/3.2.19/scalatest-funspec_2.13-3.2.19.jar:/Users/ug63jm/.m2/repository/org/scalatest/scalatest-propspec_2.13/3.2.19/scalatest-propspec_2.13-3.2.19.jar:/Users/ug63jm/.m2/repository/org/scalatest/scalatest-refspec_2.13/3.2.19/scalatest-refspec_2.13-3.2.19.jar:/Users/ug63jm/.m2/repository/org/scalatest/scalatest-wordspec_2.13/3.2.19/scalatest-wordspec_2.13-3.2.19.jar:/Users/ug63jm/.m2/repository/org/scalatest/scalatest-diagrams_2.13/3.2.19/scalatest-diagrams_2.13-3.2.19.jar:/Users/ug63jm/.m2/repository/org/scalatest/scalatest-matchers-core_2.13/3.2.19/scalatest-matchers-core_2.13-3.2.19.jar:/Users/ug63jm/.m2/repository/org/scalatest/scalatest-shouldmatchers_2.13/3.2.19/scalatest-shouldmatchers_2.13-3.2.19.jar:/Users/ug63jm/.m2/repository/org/scalatest/scalatest-mustmatchers_2.13/3.2.19/scalatest-mustmatchers_2.13-3.2.19.jar:/Users/ug63jm/.m2/repository/org/scala-lang/scala-reflect/2.13.10/scala-reflect-2.13.10.jar:/Users/ug63jm/.m2/repository/org/scalatestplus/junit-4-13_2.13/3.2.19.0/junit-4-13_2.13-3.2.19.0.jar:/Users/ug63jm/.m2/repository/junit/junit/4.13.2/junit-4.13.2.jar:/Users/ug63jm/.m2/repository/org/hamcrest/hamcrest-core/3.0/hamcrest-core-3.0.jar:/Users/ug63jm/.m2/repository/org/hamcrest/hamcrest/3.0/hamcrest-3.0.jar:/Users/ug63jm/.m2/repository/org/scalatestplus/scalacheck-1-18_2.13/3.2.19.0/scalacheck-1-18_2.13-3.2.19.0.jar:/Users/ug63jm/.m2/repository/org/scalacheck/scalacheck_2.13/1.18.0/scalacheck_2.13-1.18.0.jar:/Users/ug63jm/.m2/repository/org/scala-sbt/test-interface/1.0/test-interface-1.0.jar:/Users/ug63jm/.m2/repository/org/scalatestplus/mockito-5-12_2.13/3.2.19.0/mockito-5-12_2.13-3.2.19.0.jar:"/>
    <property name="sun.cpu.endian" value="little"/>
    <property name="user.home" value="/Users/ug63jm"/>
    <property name="user.language" value="en"/>
    <property name="java.specification.vendor" value="Oracle Corporation"/>
    <property name="java.version.date" value="2024-01-16"/>
    <property name="java.home" value="/Users/ug63jm/.sdkman/candidates/java/21.0.2-open"/>
    <property name="file.separator" value="/"/>
    <property name="basedir" value="/Users/ug63jm/dev/api/P01713-contacting-core-libs/contacting-caching-java"/>
    <property name="java.vm.compressedOopsMode" value="Zero based"/>
    <property name="line.separator" value="&#10;"/>
    <property name="java.specification.name" value="Java Platform API Specification"/>
    <property name="java.vm.specification.vendor" value="Oracle Corporation"/>
    <property name="apple.awt.application.name" value="ForkedBooter"/>
    <property name="surefire.real.class.path" value="/Users/ug63jm/dev/api/P01713-contacting-core-libs/contacting-caching-java/target/surefire/surefirebooter-20251113080350080_6.jar"/>
    <property name="sun.management.compiler" value="HotSpot 64-Bit Tiered Compilers"/>
    <property name="java.runtime.version" value="21.0.2+13-58"/>
    <property name="user.name" value="ug63jm"/>
    <property name="stdout.encoding" value="UTF-8"/>
    <property name="path.separator" value=":"/>
    <property name="os.version" value="15.7.2"/>
    <property name="java.runtime.name" value="OpenJDK Runtime Environment"/>
    <property name="file.encoding" value="UTF-8"/>
    <property name="java.vm.name" value="OpenJDK 64-Bit Server VM"/>
    <property name="localRepository" value="/Users/ug63jm/.m2/repository"/>
    <property name="java.vendor.url.bug" value="https://bugreport.java.com/bugreport/"/>
    <property name="java.io.tmpdir" value="/var/folders/x8/m53xb8dn7yl483n416fr7gh00000gp/T/"/>
    <property name="java.version" value="21.0.2"/>
    <property name="user.dir" value="/Users/ug63jm/dev/api/P01713-contacting-core-libs/contacting-caching-java"/>
    <property name="os.arch" value="aarch64"/>
    <property name="java.vm.specification.name" value="Java Virtual Machine Specification"/>
    <property name="native.encoding" value="UTF-8"/>
    <property name="java.library.path" value="/Users/ug63jm/Library/Java/Extensions:/Library/Java/Extensions:/Network/Library/Java/Extensions:/System/Library/Java/Extensions:/usr/lib/java:."/>
    <property name="java.vm.info" value="mixed mode, sharing"/>
    <property name="stderr.encoding" value="UTF-8"/>
    <property name="java.vendor" value="Oracle Corporation"/>
    <property name="java.vm.version" value="21.0.2+13-58"/>
    <property name="sun.io.unicode.encoding" value="UnicodeBig"/>
    <property name="java.class.version" value="65.0"/>
  </properties>
  <testcase name="fromCacheableSyncFunction_shouldReturnValue" classname="nl.ing.api.java.contacting.cache.ContactingCacheTest" time="0.05">
    <system-out><![CDATA[08:03:54.429 [main] DEBUG nl.ing.api.java.contacting.caching.core.ContactingCacheExecutor -- Initialized ContactingCache executor with pool size 13
08:03:54.436 [main] DEBUG io.micrometer.common.util.internal.logging.InternalLoggerFactory -- Using SLF4J as the default logging framework
]]></system-out>
  </testcase>
  <testcase name="invalidateCache_all_shouldInvalidateAll" classname="nl.ing.api.java.contacting.cache.ContactingCacheTest" time="0.003"/>
  <testcase name="fallBack_shouldReturnValueAndCacheIt" classname="nl.ing.api.java.contacting.cache.ContactingCacheTest" time="0.001">
    <system-out><![CDATA[08:03:54.459 [main] ERROR nl.ing.api.java.contacting.caching.core.ContactingCache -- Error running loader for cache testCache, returning cached value
java.lang.RuntimeException: fail
	at nl.ing.api.java.contacting.cache.ContactingCacheTest.lambda$fallBack_shouldReturnValueAndCacheIt$2(ContactingCacheTest.java:61)
	at nl.ing.api.java.contacting.caching.core.ContactingCache.fallBack(ContactingCache.java:46)
	at nl.ing.api.java.contacting.cache.ContactingCacheTest.fallBack_shouldReturnValueAndCacheIt(ContactingCacheTest.java:68)
	at java.base/jdk.internal.reflect.DirectMethodHandleAccessor.invoke(DirectMethodHandleAccessor.java:103)
	at java.base/java.lang.reflect.Method.invoke(Method.java:580)
	at org.junit.platform.commons.util.ReflectionUtils.invokeMethod(ReflectionUtils.java:775)
	at org.junit.platform.commons.support.ReflectionSupport.invokeMethod(ReflectionSupport.java:479)
	at org.junit.jupiter.engine.execution.MethodInvocation.proceed(MethodInvocation.java:60)
	at org.junit.jupiter.engine.execution.InvocationInterceptorChain$ValidatingInvocation.proceed(InvocationInterceptorChain.java:131)
	at org.junit.jupiter.engine.extension.TimeoutExtension.intercept(TimeoutExtension.java:161)
	at org.junit.jupiter.engine.extension.TimeoutExtension.interceptTestableMethod(TimeoutExtension.java:152)
	at org.junit.jupiter.engine.extension.TimeoutExtension.interceptTestMethod(TimeoutExtension.java:91)
	at org.junit.jupiter.engine.execution.InterceptingExecutableInvoker$ReflectiveInterceptorCall.lambda$ofVoidMethod$0(InterceptingExecutableInvoker.java:112)
	at org.junit.jupiter.engine.execution.InterceptingExecutableInvoker.lambda$invoke$0(InterceptingExecutableInvoker.java:94)
	at org.junit.jupiter.engine.execution.InvocationInterceptorChain$InterceptedInvocation.proceed(InvocationInterceptorChain.java:106)
	at org.junit.jupiter.engine.execution.InvocationInterceptorChain.proceed(InvocationInterceptorChain.java:64)
	at org.junit.jupiter.engine.execution.InvocationInterceptorChain.chainAndInvoke(InvocationInterceptorChain.java:45)
	at org.junit.jupiter.engine.execution.InvocationInterceptorChain.invoke(InvocationInterceptorChain.java:37)
	at org.junit.jupiter.engine.execution.InterceptingExecutableInvoker.invoke(InterceptingExecutableInvoker.java:93)
	at org.junit.jupiter.engine.execution.InterceptingExecutableInvoker.invoke(InterceptingExecutableInvoker.java:87)
	at org.junit.jupiter.engine.descriptor.TestMethodTestDescriptor.lambda$invokeTestMethod$7(TestMethodTestDescriptor.java:216)
	at org.junit.platform.engine.support.hierarchical.ThrowableCollector.execute(ThrowableCollector.java:73)
	at org.junit.jupiter.engine.descriptor.TestMethodTestDescriptor.invokeTestMethod(TestMethodTestDescriptor.java:212)
	at org.junit.jupiter.engine.descriptor.TestMethodTestDescriptor.execute(TestMethodTestDescriptor.java:137)
	at org.junit.jupiter.engine.descriptor.TestMethodTestDescriptor.execute(TestMethodTestDescriptor.java:69)
	at org.junit.platform.engine.support.hierarchical.NodeTestTask.lambda$executeRecursively$6(NodeTestTask.java:156)
	at org.junit.platform.engine.support.hierarchical.ThrowableCollector.execute(ThrowableCollector.java:73)
	at org.junit.platform.engine.support.hierarchical.NodeTestTask.lambda$executeRecursively$8(NodeTestTask.java:146)
	at org.junit.platform.engine.support.hierarchical.Node.around(Node.java:137)
	at org.junit.platform.engine.support.hierarchical.NodeTestTask.lambda$executeRecursively$9(NodeTestTask.java:144)
	at org.junit.platform.engine.support.hierarchical.ThrowableCollector.execute(ThrowableCollector.java:73)
	at org.junit.platform.engine.support.hierarchical.NodeTestTask.executeRecursively(NodeTestTask.java:143)
	at org.junit.platform.engine.support.hierarchical.NodeTestTask.execute(NodeTestTask.java:100)
	at java.base/java.util.ArrayList.forEach(ArrayList.java:1596)
	at org.junit.platform.engine.support.hierarchical.SameThreadHierarchicalTestExecutorService.invokeAll(SameThreadHierarchicalTestExecutorService.java:41)
	at org.junit.platform.engine.support.hierarchical.NodeTestTask.lambda$executeRecursively$6(NodeTestTask.java:160)
	at org.junit.platform.engine.support.hierarchical.ThrowableCollector.execute(ThrowableCollector.java:73)
	at org.junit.platform.engine.support.hierarchical.NodeTestTask.lambda$executeRecursively$8(NodeTestTask.java:146)
	at org.junit.platform.engine.support.hierarchical.Node.around(Node.java:137)
	at org.junit.platform.engine.support.hierarchical.NodeTestTask.lambda$executeRecursively$9(NodeTestTask.java:144)
	at org.junit.platform.engine.support.hierarchical.ThrowableCollector.execute(ThrowableCollector.java:73)
	at org.junit.platform.engine.support.hierarchical.NodeTestTask.executeRecursively(NodeTestTask.java:143)
	at org.junit.platform.engine.support.hierarchical.NodeTestTask.execute(NodeTestTask.java:100)
	at java.base/java.util.ArrayList.forEach(ArrayList.java:1596)
	at org.junit.platform.engine.support.hierarchical.SameThreadHierarchicalTestExecutorService.invokeAll(SameThreadHierarchicalTestExecutorService.java:41)
	at org.junit.platform.engine.support.hierarchical.NodeTestTask.lambda$executeRecursively$6(NodeTestTask.java:160)
	at org.junit.platform.engine.support.hierarchical.ThrowableCollector.execute(ThrowableCollector.java:73)
	at org.junit.platform.engine.support.hierarchical.NodeTestTask.lambda$executeRecursively$8(NodeTestTask.java:146)
	at org.junit.platform.engine.support.hierarchical.Node.around(Node.java:137)
	at org.junit.platform.engine.support.hierarchical.NodeTestTask.lambda$executeRecursively$9(NodeTestTask.java:144)
	at org.junit.platform.engine.support.hierarchical.ThrowableCollector.execute(ThrowableCollector.java:73)
	at org.junit.platform.engine.support.hierarchical.NodeTestTask.executeRecursively(NodeTestTask.java:143)
	at org.junit.platform.engine.support.hierarchical.NodeTestTask.execute(NodeTestTask.java:100)
	at org.junit.platform.engine.support.hierarchical.SameThreadHierarchicalTestExecutorService.submit(SameThreadHierarchicalTestExecutorService.java:35)
	at org.junit.platform.engine.support.hierarchical.HierarchicalTestExecutor.execute(HierarchicalTestExecutor.java:57)
	at org.junit.platform.engine.support.hierarchical.HierarchicalTestEngine.execute(HierarchicalTestEngine.java:54)
	at org.junit.platform.launcher.core.EngineExecutionOrchestrator.execute(EngineExecutionOrchestrator.java:201)
	at org.junit.platform.launcher.core.EngineExecutionOrchestrator.execute(EngineExecutionOrchestrator.java:170)
	at org.junit.platform.launcher.core.EngineExecutionOrchestrator.execute(EngineExecutionOrchestrator.java:94)
	at org.junit.platform.launcher.core.EngineExecutionOrchestrator.lambda$execute$0(EngineExecutionOrchestrator.java:59)
	at org.junit.platform.launcher.core.EngineExecutionOrchestrator.withInterceptedStreams(EngineExecutionOrchestrator.java:142)
	at org.junit.platform.launcher.core.EngineExecutionOrchestrator.execute(EngineExecutionOrchestrator.java:58)
	at org.junit.platform.launcher.core.DefaultLauncher.execute(DefaultLauncher.java:103)
	at org.junit.platform.launcher.core.DefaultLauncher.execute(DefaultLauncher.java:85)
	at org.junit.platform.launcher.core.DelegatingLauncher.execute(DelegatingLauncher.java:47)
	at org.junit.platform.launcher.core.InterceptingLauncher.lambda$execute$1(InterceptingLauncher.java:39)
	at org.junit.platform.launcher.core.ClasspathAlignmentCheckingLauncherInterceptor.intercept(ClasspathAlignmentCheckingLauncherInterceptor.java:25)
	at org.junit.platform.launcher.core.InterceptingLauncher.execute(InterceptingLauncher.java:38)
	at org.junit.platform.launcher.core.DelegatingLauncher.execute(DelegatingLauncher.java:47)
	at org.apache.maven.surefire.junitplatform.LazyLauncher.execute(LazyLauncher.java:56)
	at org.apache.maven.surefire.junitplatform.JUnitPlatformProvider.execute(JUnitPlatformProvider.java:184)
	at org.apache.maven.surefire.junitplatform.JUnitPlatformProvider.invokeAllTests(JUnitPlatformProvider.java:148)
	at org.apache.maven.surefire.junitplatform.JUnitPlatformProvider.invoke(JUnitPlatformProvider.java:122)
	at org.apache.maven.surefire.booter.ForkedBooter.runSuitesInProcess(ForkedBooter.java:385)
	at org.apache.maven.surefire.booter.ForkedBooter.execute(ForkedBooter.java:162)
	at org.apache.maven.surefire.booter.ForkedBooter.run(ForkedBooter.java:507)
	at org.apache.maven.surefire.booter.ForkedBooter.main(ForkedBooter.java:495)
]]></system-out>
  </testcase>
  <testcase name="fromCacheableSyncFunction_skipCache_shouldAlwaysReload" classname="nl.ing.api.java.contacting.cache.ContactingCacheTest" time="0.001"/>
  <testcase name="clearCache_shouldRemoveCache" classname="nl.ing.api.java.contacting.cache.ContactingCacheTest" time="0.0"/>
  <testcase name="invalidateCache_byKey_shouldInvalidateEntry" classname="nl.ing.api.java.contacting.cache.ContactingCacheTest" time="0.001"/>
  <testcase name="fromCacheableFunction_shouldReturnAsyncValue" classname="nl.ing.api.java.contacting.cache.ContactingCacheTest" time="0.003"/>
  <testcase name="fallBackAsyncF_shouldReturnAsyncValueAndFallback" classname="nl.ing.api.java.contacting.cache.ContactingCacheTest" time="0.001">
    <system-out><![CDATA[08:03:54.467 [main] ERROR nl.ing.api.java.contacting.caching.core.ContactingCache -- Error executing loader for cache testCache, returning cached data
java.lang.RuntimeException: fail
	at nl.ing.api.java.contacting.cache.ContactingCacheTest.lambda$fallBackAsyncF_shouldReturnAsyncValueAndFallback$7(ContactingCacheTest.java:93)
	at nl.ing.api.java.contacting.caching.core.ContactingCache.fallBackAsyncF(ContactingCache.java:108)
	at nl.ing.api.java.contacting.cache.ContactingCacheTest.fallBackAsyncF_shouldReturnAsyncValueAndFallback(ContactingCacheTest.java:101)
	at java.base/jdk.internal.reflect.DirectMethodHandleAccessor.invoke(DirectMethodHandleAccessor.java:103)
	at java.base/java.lang.reflect.Method.invoke(Method.java:580)
	at org.junit.platform.commons.util.ReflectionUtils.invokeMethod(ReflectionUtils.java:775)
	at org.junit.platform.commons.support.ReflectionSupport.invokeMethod(ReflectionSupport.java:479)
	at org.junit.jupiter.engine.execution.MethodInvocation.proceed(MethodInvocation.java:60)
	at org.junit.jupiter.engine.execution.InvocationInterceptorChain$ValidatingInvocation.proceed(InvocationInterceptorChain.java:131)
	at org.junit.jupiter.engine.extension.TimeoutExtension.intercept(TimeoutExtension.java:161)
	at org.junit.jupiter.engine.extension.TimeoutExtension.interceptTestableMethod(TimeoutExtension.java:152)
	at org.junit.jupiter.engine.extension.TimeoutExtension.interceptTestMethod(TimeoutExtension.java:91)
	at org.junit.jupiter.engine.execution.InterceptingExecutableInvoker$ReflectiveInterceptorCall.lambda$ofVoidMethod$0(InterceptingExecutableInvoker.java:112)
	at org.junit.jupiter.engine.execution.InterceptingExecutableInvoker.lambda$invoke$0(InterceptingExecutableInvoker.java:94)
	at org.junit.jupiter.engine.execution.InvocationInterceptorChain$InterceptedInvocation.proceed(InvocationInterceptorChain.java:106)
	at org.junit.jupiter.engine.execution.InvocationInterceptorChain.proceed(InvocationInterceptorChain.java:64)
	at org.junit.jupiter.engine.execution.InvocationInterceptorChain.chainAndInvoke(InvocationInterceptorChain.java:45)
	at org.junit.jupiter.engine.execution.InvocationInterceptorChain.invoke(InvocationInterceptorChain.java:37)
	at org.junit.jupiter.engine.execution.InterceptingExecutableInvoker.invoke(InterceptingExecutableInvoker.java:93)
	at org.junit.jupiter.engine.execution.InterceptingExecutableInvoker.invoke(InterceptingExecutableInvoker.java:87)
	at org.junit.jupiter.engine.descriptor.TestMethodTestDescriptor.lambda$invokeTestMethod$7(TestMethodTestDescriptor.java:216)
	at org.junit.platform.engine.support.hierarchical.ThrowableCollector.execute(ThrowableCollector.java:73)
	at org.junit.jupiter.engine.descriptor.TestMethodTestDescriptor.invokeTestMethod(TestMethodTestDescriptor.java:212)
	at org.junit.jupiter.engine.descriptor.TestMethodTestDescriptor.execute(TestMethodTestDescriptor.java:137)
	at org.junit.jupiter.engine.descriptor.TestMethodTestDescriptor.execute(TestMethodTestDescriptor.java:69)
	at org.junit.platform.engine.support.hierarchical.NodeTestTask.lambda$executeRecursively$6(NodeTestTask.java:156)
	at org.junit.platform.engine.support.hierarchical.ThrowableCollector.execute(ThrowableCollector.java:73)
	at org.junit.platform.engine.support.hierarchical.NodeTestTask.lambda$executeRecursively$8(NodeTestTask.java:146)
	at org.junit.platform.engine.support.hierarchical.Node.around(Node.java:137)
	at org.junit.platform.engine.support.hierarchical.NodeTestTask.lambda$executeRecursively$9(NodeTestTask.java:144)
	at org.junit.platform.engine.support.hierarchical.ThrowableCollector.execute(ThrowableCollector.java:73)
	at org.junit.platform.engine.support.hierarchical.NodeTestTask.executeRecursively(NodeTestTask.java:143)
	at org.junit.platform.engine.support.hierarchical.NodeTestTask.execute(NodeTestTask.java:100)
	at java.base/java.util.ArrayList.forEach(ArrayList.java:1596)
	at org.junit.platform.engine.support.hierarchical.SameThreadHierarchicalTestExecutorService.invokeAll(SameThreadHierarchicalTestExecutorService.java:41)
	at org.junit.platform.engine.support.hierarchical.NodeTestTask.lambda$executeRecursively$6(NodeTestTask.java:160)
	at org.junit.platform.engine.support.hierarchical.ThrowableCollector.execute(ThrowableCollector.java:73)
	at org.junit.platform.engine.support.hierarchical.NodeTestTask.lambda$executeRecursively$8(NodeTestTask.java:146)
	at org.junit.platform.engine.support.hierarchical.Node.around(Node.java:137)
	at org.junit.platform.engine.support.hierarchical.NodeTestTask.lambda$executeRecursively$9(NodeTestTask.java:144)
	at org.junit.platform.engine.support.hierarchical.ThrowableCollector.execute(ThrowableCollector.java:73)
	at org.junit.platform.engine.support.hierarchical.NodeTestTask.executeRecursively(NodeTestTask.java:143)
	at org.junit.platform.engine.support.hierarchical.NodeTestTask.execute(NodeTestTask.java:100)
	at java.base/java.util.ArrayList.forEach(ArrayList.java:1596)
	at org.junit.platform.engine.support.hierarchical.SameThreadHierarchicalTestExecutorService.invokeAll(SameThreadHierarchicalTestExecutorService.java:41)
	at org.junit.platform.engine.support.hierarchical.NodeTestTask.lambda$executeRecursively$6(NodeTestTask.java:160)
	at org.junit.platform.engine.support.hierarchical.ThrowableCollector.execute(ThrowableCollector.java:73)
	at org.junit.platform.engine.support.hierarchical.NodeTestTask.lambda$executeRecursively$8(NodeTestTask.java:146)
	at org.junit.platform.engine.support.hierarchical.Node.around(Node.java:137)
	at org.junit.platform.engine.support.hierarchical.NodeTestTask.lambda$executeRecursively$9(NodeTestTask.java:144)
	at org.junit.platform.engine.support.hierarchical.ThrowableCollector.execute(ThrowableCollector.java:73)
	at org.junit.platform.engine.support.hierarchical.NodeTestTask.executeRecursively(NodeTestTask.java:143)
	at org.junit.platform.engine.support.hierarchical.NodeTestTask.execute(NodeTestTask.java:100)
	at org.junit.platform.engine.support.hierarchical.SameThreadHierarchicalTestExecutorService.submit(SameThreadHierarchicalTestExecutorService.java:35)
	at org.junit.platform.engine.support.hierarchical.HierarchicalTestExecutor.execute(HierarchicalTestExecutor.java:57)
	at org.junit.platform.engine.support.hierarchical.HierarchicalTestEngine.execute(HierarchicalTestEngine.java:54)
	at org.junit.platform.launcher.core.EngineExecutionOrchestrator.execute(EngineExecutionOrchestrator.java:201)
	at org.junit.platform.launcher.core.EngineExecutionOrchestrator.execute(EngineExecutionOrchestrator.java:170)
	at org.junit.platform.launcher.core.EngineExecutionOrchestrator.execute(EngineExecutionOrchestrator.java:94)
	at org.junit.platform.launcher.core.EngineExecutionOrchestrator.lambda$execute$0(EngineExecutionOrchestrator.java:59)
	at org.junit.platform.launcher.core.EngineExecutionOrchestrator.withInterceptedStreams(EngineExecutionOrchestrator.java:142)
	at org.junit.platform.launcher.core.EngineExecutionOrchestrator.execute(EngineExecutionOrchestrator.java:58)
	at org.junit.platform.launcher.core.DefaultLauncher.execute(DefaultLauncher.java:103)
	at org.junit.platform.launcher.core.DefaultLauncher.execute(DefaultLauncher.java:85)
	at org.junit.platform.launcher.core.DelegatingLauncher.execute(DelegatingLauncher.java:47)
	at org.junit.platform.launcher.core.InterceptingLauncher.lambda$execute$1(InterceptingLauncher.java:39)
	at org.junit.platform.launcher.core.ClasspathAlignmentCheckingLauncherInterceptor.intercept(ClasspathAlignmentCheckingLauncherInterceptor.java:25)
	at org.junit.platform.launcher.core.InterceptingLauncher.execute(InterceptingLauncher.java:38)
	at org.junit.platform.launcher.core.DelegatingLauncher.execute(DelegatingLauncher.java:47)
	at org.apache.maven.surefire.junitplatform.LazyLauncher.execute(LazyLauncher.java:56)
	at org.apache.maven.surefire.junitplatform.JUnitPlatformProvider.execute(JUnitPlatformProvider.java:184)
	at org.apache.maven.surefire.junitplatform.JUnitPlatformProvider.invokeAllTests(JUnitPlatformProvider.java:148)
	at org.apache.maven.surefire.junitplatform.JUnitPlatformProvider.invoke(JUnitPlatformProvider.java:122)
	at org.apache.maven.surefire.booter.ForkedBooter.runSuitesInProcess(ForkedBooter.java:385)
	at org.apache.maven.surefire.booter.ForkedBooter.execute(ForkedBooter.java:162)
	at org.apache.maven.surefire.booter.ForkedBooter.run(ForkedBooter.java:507)
	at org.apache.maven.surefire.booter.ForkedBooter.main(ForkedBooter.java:495)
]]></system-out>
  </testcase>
  <testcase name="fromCacheableFunction_skipCache_shouldAlwaysReload" classname="nl.ing.api.java.contacting.cache.ContactingCacheTest" time="0.001"/>
</testsuite>